<?xml version="1.0" encoding="UTF-8"?>
<!-- Generated by org.testng.reporters.JUnitXMLReporter -->
<testsuite ignored="0" hostname="QSP" failures="0" tests="4" name="Test" time="0.25" errors="0" timestamp="2021-11-20T16:28:19 IST">
  <testcase classname="testscripts.Test4" name="tc2" time="0.042"/>
  <testcase classname="testscripts.Test1" name="tc2" time="0.006"/>
  <testcase classname="testscripts.Test0" name="tc1" time="0.002"/>
  <testcase classname="testscripts.Test3" name="tc2" time="0.009"/>
</testsuite> <!-- Test -->
