<?xml version="1.0" encoding="UTF-8"?>
<testng-results ignored="0" total="4" passed="4" failed="0" skipped="0">
  <reporter-output>
    <line>
      <![CDATA[Hello Appium]]>
    </line>
    <line>
      <![CDATA[Hello Selenium]]>
    </line>
    <line>
      <![CDATA[Hello java]]>
    </line>
    <line>
      <![CDATA[Hello Python]]>
    </line>
  </reporter-output>
  <suite started-at="2021-11-20T16:28:18 IST" name="Suite" finished-at="2021-11-20T16:28:19 IST" duration-ms="250">
    <groups>
    </groups>
    <test started-at="2021-11-20T16:28:18 IST" name="Test" finished-at="2021-11-20T16:28:19 IST" duration-ms="250">
      <class name="testscripts.Test4">
        <test-method signature="tc2()[pri:0, instance:testscripts.Test4@2118cddf]" started-at="2021-11-20T16:28:19 IST" name="tc2" finished-at="2021-11-20T16:28:19 IST" duration-ms="42" status="PASS">
          <reporter-output>
            <line>
              <![CDATA[Hello Appium]]>
            </line>
          </reporter-output>
        </test-method> <!-- tc2 -->
      </class> <!-- testscripts.Test4 -->
      <class name="testscripts.Test3">
        <test-method signature="tc2()[pri:0, instance:testscripts.Test3@76ed1b7c]" started-at="2021-11-20T16:28:19 IST" name="tc2" finished-at="2021-11-20T16:28:19 IST" duration-ms="9" status="PASS">
          <reporter-output>
            <line>
              <![CDATA[Hello Python]]>
            </line>
          </reporter-output>
        </test-method> <!-- tc2 -->
      </class> <!-- testscripts.Test3 -->
      <class name="testscripts.Test0">
        <test-method signature="tc1()[pri:0, instance:testscripts.Test0@68567e20]" started-at="2021-11-20T16:28:19 IST" name="tc1" finished-at="2021-11-20T16:28:19 IST" duration-ms="2" status="PASS">
          <reporter-output>
            <line>
              <![CDATA[Hello java]]>
            </line>
          </reporter-output>
        </test-method> <!-- tc1 -->
      </class> <!-- testscripts.Test0 -->
      <class name="testscripts.Test1">
        <test-method signature="tc2()[pri:0, instance:testscripts.Test1@17a7f733]" started-at="2021-11-20T16:28:19 IST" name="tc2" finished-at="2021-11-20T16:28:19 IST" duration-ms="6" status="PASS">
          <reporter-output>
            <line>
              <![CDATA[Hello Selenium]]>
            </line>
          </reporter-output>
        </test-method> <!-- tc2 -->
      </class> <!-- testscripts.Test1 -->
    </test> <!-- Test -->
  </suite> <!-- Suite -->
</testng-results>
